<?xml version="1.0" encoding="UTF-8"?>
<testsuite xmlns:xsi="http://www.w3.org/2001/XMLSchema-instance" xsi:noNamespaceSchemaLocation="https://maven.apache.org/surefire/maven-surefire-plugin/xsd/surefire-test-report.xsd" version="3.0.2" name="com.vivoninc.core.CoreApplicationTests" time="11.202" tests="1" errors="0" skipped="0" failures="0">
  <properties>
[...]
</properties>
  <testcase name="contextLoads" classname="com.vivoninc.core.CoreApplicationTests" time="1.046">
    <system-out><![CDATA[15:32:45.977 [main] INFO org.springframework.test.context.support.AnnotationConfigContextLoaderUtils -- Could not detect default configuration classes for test class [com.vivoninc.core.CoreApplicationTests]: CoreApplicationTests does not declare any static, non-private, non-final, nested classes annotated with @Configuration.
15:32:46.141 [main] INFO org.springframework.boot.test.context.SpringBootTestContextBootstrapper -- Found @SpringBootConfiguration com.vivoninc.core.CoreApplication for test class com.vivoninc.core.CoreApplicationTests

  .   ____          _            __ _ _
 /\\ / ___'_ __ _ _(_)_ __  __ _ \ \ \ \
( ( )\___ | '_ | '_| | '_ \/ _` | \ \ \ \
 \\/  ___)| |_)| | | | | || (_| |  ) ) ) )
  '  |____| .__|_| |_|_| |_\__, | / / / /
 =========|_|==============|___/=/_/_/_/

 :: Spring Boot ::                (v3.5.0)

2025-09-02T15:32:46.818+02:00  INFO 27988 --- [core] [           main] com.vivoninc.core.CoreApplicationTests   : Starting CoreApplicationTests using Java 21.0.5 with PID 27988 (started by josef in C:\Users\josef\Desktop\vivon-core)
2025-09-02T15:32:46.821+02:00 DEBUG 27988 --- [core] [           main] com.vivoninc.core.CoreApplicationTests   : Running with Spring Boot v3.5.0, Spring v6.2.7
2025-09-02T15:32:46.823+02:00  INFO 27988 --- [core] [           main] com.vivoninc.core.CoreApplicationTests   : No active profile set, falling back to 1 default profile: "default"
2025-09-02T15:32:48.828+02:00 DEBUG 27988 --- [core] [           main] o.s.d.n.repository.config.StartupLogger  : Bootstrapping reactive Neo4j repositories based on SDN v7.5.0 with Spring Data Commons v3.5.0 and Neo4j Driver v5.28.5.
2025-09-02T15:32:48.828+02:00  INFO 27988 --- [core] [           main] .s.d.r.c.RepositoryConfigurationDelegate : Bootstrapping Spring Data Neo4j repositories in DEFAULT mode.
2025-09-02T15:32:48.875+02:00  INFO 27988 --- [core] [           main] .s.d.r.c.RepositoryConfigurationDelegate : Finished Spring Data repository scanning in 31 ms. Found 0 Neo4j repository interfaces.
2025-09-02T15:32:48.885+02:00 DEBUG 27988 --- [core] [           main] o.s.d.n.repository.config.StartupLogger  : Bootstrapping imperative Neo4j repositories based on SDN v7.5.0 with Spring Data Commons v3.5.0 and Neo4j Driver v5.28.5.
2025-09-02T15:32:48.887+02:00  INFO 27988 --- [core] [           main] .s.d.r.c.RepositoryConfigurationDelegate : Bootstrapping Spring Data Neo4j repositories in DEFAULT mode.
2025-09-02T15:32:48.893+02:00  INFO 27988 --- [core] [           main] .s.d.r.c.RepositoryConfigurationDelegate : Finished Spring Data repository scanning in 3 ms. Found 0 Neo4j repository interfaces.
2025-09-02T15:32:50.272+02:00  INFO 27988 --- [core] [           main] o.neo4j.driver.internal.DriverFactory    : Direct driver instance 902348321 created for server address localhost:7687
Starting Neo4j initialization...
2025-09-02T15:32:50.663+02:00 DEBUG 27988 --- [core] [           main] org.springframework.data.neo4j.cypher    : Executing:
RETURN 'Connection successful' as message
2025-09-02T15:32:50.728+02:00 DEBUG 27988 --- [core] [           main] o.n.d.io.netty.channel.DefaultChannelId  : -Dio.netty.processId: 27988 (auto-detected)
2025-09-02T15:32:50.748+02:00 DEBUG 27988 --- [core] [           main] org.neo4j.driver.io.netty.util.NetUtil   : -Djava.net.preferIPv4Stack: false
2025-09-02T15:32:50.748+02:00 DEBUG 27988 --- [core] [           main] org.neo4j.driver.io.netty.util.NetUtil   : -Djava.net.preferIPv6Addresses: false
2025-09-02T15:32:50.754+02:00 DEBUG 27988 --- [core] [           main] o.n.d.i.n.util.NetUtilInitializations    : Loopback interface: loopback_0 (Software Loopback Interface 1, 0:0:0:0:0:0:0:1)
2025-09-02T15:32:50.754+02:00 DEBUG 27988 --- [core] [           main] org.neo4j.driver.io.netty.util.NetUtil   : Failed to get SOMAXCONN from sysctl and file \proc\sys\net\core\somaxconn. Default: 200
2025-09-02T15:32:50.761+02:00 DEBUG 27988 --- [core] [           main] o.n.d.io.netty.channel.DefaultChannelId  : -Dio.netty.machineId: 00:ff:ae:ff:fe:7f:e9:37 (auto-detected)
2025-09-02T15:32:50.778+02:00 DEBUG 27988 --- [core] [           main] o.n.d.i.netty.util.ResourceLeakDetector  : -Dio.netty.leakDetection.level: simple
2025-09-02T15:32:50.778+02:00 DEBUG 27988 --- [core] [           main] o.n.d.i.netty.util.ResourceLeakDetector  : -Dio.netty.leakDetection.targetRecords: 4
2025-09-02T15:32:50.812+02:00 DEBUG 27988 --- [core] [           main] o.n.d.i.n.buffer.PooledByteBufAllocator  : -Dio.netty.allocator.numHeapArenas: 16
2025-09-02T15:32:50.812+02:00 DEBUG 27988 --- [core] [           main] o.n.d.i.n.buffer.PooledByteBufAllocator  : -Dio.netty.allocator.numDirectArenas: 16
2025-09-02T15:32:50.812+02:00 DEBUG 27988 --- [core] [           main] o.n.d.i.n.buffer.PooledByteBufAllocator  : -Dio.netty.allocator.pageSize: 8192
2025-09-02T15:32:50.812+02:00 DEBUG 27988 --- [core] [           main] o.n.d.i.n.buffer.PooledByteBufAllocator  : -Dio.netty.allocator.maxOrder: 9
2025-09-02T15:32:50.812+02:00 DEBUG 27988 --- [core] [           main] o.n.d.i.n.buffer.PooledByteBufAllocator  : -Dio.netty.allocator.chunkSize: 4194304
2025-09-02T15:32:50.812+02:00 DEBUG 27988 --- [core] [           main] o.n.d.i.n.buffer.PooledByteBufAllocator  : -Dio.netty.allocator.smallCacheSize: 256
2025-09-02T15:32:50.812+02:00 DEBUG 27988 --- [core] [           main] o.n.d.i.n.buffer.PooledByteBufAllocator  : -Dio.netty.allocator.normalCacheSize: 64
2025-09-02T15:32:50.812+02:00 DEBUG 27988 --- [core] [           main] o.n.d.i.n.buffer.PooledByteBufAllocator  : -Dio.netty.allocator.maxCachedBufferCapacity: 32768
2025-09-02T15:32:50.812+02:00 DEBUG 27988 --- [core] [           main] o.n.d.i.n.buffer.PooledByteBufAllocator  : -Dio.netty.allocator.cacheTrimInterval: 8192
2025-09-02T15:32:50.812+02:00 DEBUG 27988 --- [core] [           main] o.n.d.i.n.buffer.PooledByteBufAllocator  : -Dio.netty.allocator.cacheTrimIntervalMillis: 0
2025-09-02T15:32:50.812+02:00 DEBUG 27988 --- [core] [           main] o.n.d.i.n.buffer.PooledByteBufAllocator  : -Dio.netty.allocator.useCacheForAllThreads: false
2025-09-02T15:32:50.812+02:00 DEBUG 27988 --- [core] [           main] o.n.d.i.n.buffer.PooledByteBufAllocator  : -Dio.netty.allocator.maxCachedByteBuffersPerChunk: 1023
2025-09-02T15:32:50.812+02:00 DEBUG 27988 --- [core] [           main] o.n.d.i.n.buffer.PooledByteBufAllocator  : -Dio.netty.allocator.disableCacheFinalizersForFastThreadLocalThreads: false
2025-09-02T15:32:50.836+02:00 DEBUG 27988 --- [core] [           main] o.n.driver.io.netty.buffer.ByteBufUtil   : -Dio.netty.allocator.type: pooled
2025-09-02T15:32:50.836+02:00 DEBUG 27988 --- [core] [           main] o.n.driver.io.netty.buffer.ByteBufUtil   : -Dio.netty.threadLocalDirectBufferSize: 0
2025-09-02T15:32:50.836+02:00 DEBUG 27988 --- [core] [           main] o.n.driver.io.netty.buffer.ByteBufUtil   : -Dio.netty.maxThreadLocalCharBufferSize: 16384
2025-09-02T15:32:50.845+02:00 DEBUG 27988 --- [core] [           main] o.n.d.i.n.b.ChannelInitializerExtensions : -Dio.netty.bootstrap.extensions: null
2025-09-02T15:32:50.916+02:00 DEBUG 27988 --- [core] [o4jDriverIO-2-1] o.n.d.io.netty.buffer.AbstractByteBuf    : -Dio.netty.buffer.checkAccessible: true
2025-09-02T15:32:50.916+02:00 DEBUG 27988 --- [core] [o4jDriverIO-2-1] o.n.d.io.netty.buffer.AbstractByteBuf    : -Dio.netty.buffer.checkBounds: true
2025-09-02T15:32:50.918+02:00 DEBUG 27988 --- [core] [o4jDriverIO-2-1] o.n.d.i.n.u.ResourceLeakDetectorFactory  : Loaded default ResourceLeakDetector: io.netty.util.ResourceLeakDetector@38e82f19
2025-09-02T15:32:50.922+02:00 DEBUG 27988 --- [core] [o4jDriverIO-2-1] o.n.b.c.n.i.a.c.ChannelConnectedListener : [0x060101bf][localhost:7687][] C: [Bolt Handshake] [0x6060b017, 511, 526341, 132100, 3]
2025-09-02T15:32:50.928+02:00 DEBUG 27988 --- [core] [o4jDriverIO-2-1] o.neo4j.driver.io.netty.util.Recycler    : -Dio.netty.recycler.maxCapacityPerThread: 4096
2025-09-02T15:32:50.928+02:00 DEBUG 27988 --- [core] [o4jDriverIO-2-1] o.neo4j.driver.io.netty.util.Recycler    : -Dio.netty.recycler.ratio: 8
2025-09-02T15:32:50.928+02:00 DEBUG 27988 --- [core] [o4jDriverIO-2-1] o.neo4j.driver.io.netty.util.Recycler    : -Dio.netty.recycler.chunkSize: 32
2025-09-02T15:32:50.928+02:00 DEBUG 27988 --- [core] [o4jDriverIO-2-1] o.neo4j.driver.io.netty.util.Recycler    : -Dio.netty.recycler.blocking: false
2025-09-02T15:32:50.928+02:00 DEBUG 27988 --- [core] [o4jDriverIO-2-1] o.neo4j.driver.io.netty.util.Recycler    : -Dio.netty.recycler.batchFastThreadLocalOnly: true
2025-09-02T15:32:51.618+02:00 DEBUG 27988 --- [core] [o4jDriverIO-2-1] o.n.d.o.n.b.c.n.i.a.c.HandshakeHandler   : [0x060101bf][localhost:7687][] S: [Bolt Handshake Manifest] v1
2025-09-02T15:32:51.619+02:00 DEBUG 27988 --- [core] [o4jDriverIO-2-1] o.n.d.o.n.b.c.n.i.a.c.ManifestHandlerV1  : [0x060101bf][localhost:7687][] S: [Bolt Handshake Manifest] [expected version ranges 3]
2025-09-02T15:32:51.624+02:00 DEBUG 27988 --- [core] [o4jDriverIO-2-1] o.n.d.o.n.b.c.n.i.a.c.ManifestHandlerV1  : [0x060101bf][localhost:7687][] S: [Bolt Handshake Manifest] [server supported version ranges [BoltProtocolMinorVersionRange[majorVersion=4, minorVersion=4, minorVersionNum=4], BoltProtocolMinorVersionRange[majorVersion=5, minorVersion=4, minorVersionNum=4], BoltProtocolMinorVersionRange[majorVersion=5, minorVersion=8, minorVersionNum=2]]]
2025-09-02T15:32:51.624+02:00 DEBUG 27988 --- [core] [o4jDriverIO-2-1] o.n.d.o.n.b.c.n.i.a.c.ManifestHandlerV1  : [0x060101bf][localhost:7687][] C: [Bolt Handshake Manifest] [805]
2025-09-02T15:32:51.624+02:00 DEBUG 27988 --- [core] [o4jDriverIO-2-1] o.n.d.o.n.b.c.n.i.a.c.ManifestHandlerV1  : [0x060101bf][localhost:7687][] C: [Bolt Handshake Manifest] [0]
2025-09-02T15:32:51.645+02:00 DEBUG 27988 --- [core] [o4jDriverIO-2-1] d.o.n.b.c.n.i.a.o.OutboundMessageHandler : [0x060101bf][localhost:7687][] C: HELLO {bolt_agent={product: "neo4j-java/5.28.5-9d0315e00d46b259c2355be35c89acfa9a30fc0a", language: "Java/21.0.5", language_details: "Eclipse Adoptium; OpenJDK 64-Bit Server VM; 21.0.5+11-LTS", platform: "Windows 11; 10.0; amd64"}, user_agent="neo4j-java/5.28.5-9d0315e00d46b259c2355be35c89acfa9a30fc0a"}
2025-09-02T15:32:51.650+02:00 DEBUG 27988 --- [core] [o4jDriverIO-2-1] d.o.n.b.c.n.i.a.o.OutboundMessageHandler : [0x060101bf][localhost:7687][] C: LOGON {principal="neo4j", scheme="basic", credentials="******"}
2025-09-02T15:32:51.821+02:00 DEBUG 27988 --- [core] [o4jDriverIO-2-1] o.n.b.c.n.i.a.i.InboundMessageDispatcher : [0x060101bf][localhost:7687][] S: SUCCESS {server="Neo4j/2025.05.0", protocol_version="5.8", connection_id="bolt-7", hints={ssr.enabled: TRUE, connection.recv_timeout_seconds: 120}}
2025-09-02T15:32:52.177+02:00 DEBUG 27988 --- [core] [o4jDriverIO-2-1] o.n.b.c.n.i.a.i.InboundMessageDispatcher : [0x060101bf][localhost:7687][bolt-7] S: SUCCESS {advertised_address="localhost:7687"}
2025-09-02T15:32:52.197+02:00 DEBUG 27988 --- [core] [o4jDriverIO-2-1] d.o.n.b.c.n.i.a.o.OutboundMessageHandler : [0x060101bf][localhost:7687][bolt-7] C: RUN "RETURN 'Connection successful' as message" {} {}
2025-09-02T15:32:52.204+02:00 DEBUG 27988 --- [core] [o4jDriverIO-2-1] d.o.n.b.c.n.i.a.o.OutboundMessageHandler : [0x060101bf][localhost:7687][bolt-7] C: PULL {n=1000}
2025-09-02T15:32:52.208+02:00 DEBUG 27988 --- [core] [o4jDriverIO-2-1] o.n.d.o.n.b.c.n.i.a.NetworkConnection    : Added ConnectionReadTimeoutHandler
2025-09-02T15:32:52.209+02:00 DEBUG 27988 --- [core] [o4jDriverIO-2-1] o.n.d.o.n.b.c.n.impl.BoltConnectionImpl  : flushed
2025-09-02T15:32:52.597+02:00 DEBUG 27988 --- [core] [o4jDriverIO-2-1] o.n.b.c.n.i.a.i.InboundMessageDispatcher : [0x060101bf][localhost:7687][bolt-7] S: SUCCESS {fields=["message"], db="neo4j", t_first=376}
2025-09-02T15:32:52.674+02:00 DEBUG 27988 --- [core] [o4jDriverIO-2-1] o.n.b.c.n.i.a.i.InboundMessageDispatcher : [0x060101bf][localhost:7687][bolt-7] S: RECORD ["Connection successful"]
2025-09-02T15:32:52.676+02:00 DEBUG 27988 --- [core] [o4jDriverIO-2-1] o.n.b.c.n.i.a.i.InboundMessageDispatcher : [0x060101bf][localhost:7687][bolt-7] S: SUCCESS {bookmark="FB:kcwQYGBf/XS7TfKLHyLkA2vFDl6Q", statuses=[{gql_status: "00000", status_description: "note: successful completion"}], type="r", t_last=34, db="neo4j"}
2025-09-02T15:32:52.676+02:00 DEBUG 27988 --- [core] [o4jDriverIO-2-1] o.n.d.o.n.b.c.n.i.a.NetworkConnection    : Removed ConnectionReadTimeoutHandler
2025-09-02T15:32:52.685+02:00 DEBUG 27988 --- [core] [o4jDriverIO-2-1] d.o.n.b.c.n.i.a.o.OutboundMessageHandler : [0x060101bf][localhost:7687][bolt-7] C: RESET
2025-09-02T15:32:52.691+02:00 DEBUG 27988 --- [core] [o4jDriverIO-2-1] o.n.d.o.n.b.c.n.i.a.NetworkConnection    : Added ConnectionReadTimeoutHandler
2025-09-02T15:32:52.691+02:00 DEBUG 27988 --- [core] [o4jDriverIO-2-1] o.n.d.o.n.b.c.n.impl.BoltConnectionImpl  : flushed
2025-09-02T15:32:52.697+02:00 DEBUG 27988 --- [core] [o4jDriverIO-2-1] o.n.b.c.n.i.a.i.InboundMessageDispatcher : [0x060101bf][localhost:7687][bolt-7] S: SUCCESS {}
2025-09-02T15:32:52.697+02:00 DEBUG 27988 --- [core] [o4jDriverIO-2-1] o.n.d.o.n.b.c.n.i.a.NetworkConnection    : Removed ConnectionReadTimeoutHandler
2025-09-02T15:32:52.698+02:00 DEBUG 27988 --- [core] [o4jDriverIO-2-1] d.o.n.b.c.p.PooledBoltConnectionProvider : Connection released to the pool.
Neo4j connection test: Connection successful
Inserting mock data...
2025-09-02T15:32:52.783+02:00 DEBUG 27988 --- [core] [           main] org.springframework.data.neo4j.cypher    : Executing:
MERGE (a:User {id: 1})
MERGE (b:User {id: 2})
MERGE (c:User {id: 3})
MERGE (d:User {id: 4})

2025-09-02T15:32:52.788+02:00 DEBUG 27988 --- [core] [           main] d.o.n.b.c.p.PooledBoltConnectionProvider : Connection acquired from the pool. localhost:7687
2025-09-02T15:32:52.795+02:00 DEBUG 27988 --- [core] [o4jDriverIO-2-1] d.o.n.b.c.n.i.a.o.OutboundMessageHandler : [0x060101bf][localhost:7687][bolt-7] C: RUN "MERGE (a:User {id: 1})
MERGE (b:User {id: 2})
MERGE (c:User {id: 3})
MERGE (d:User {id: 4})
" {} {bookmarks=["FB:kcwQYGBf/XS7TfKLHyLkA2vFDl6Q"]}
2025-09-02T15:32:52.795+02:00 DEBUG 27988 --- [core] [o4jDriverIO-2-1] d.o.n.b.c.n.i.a.o.OutboundMessageHandler : [0x060101bf][localhost:7687][bolt-7] C: PULL {n=1000}
2025-09-02T15:32:52.797+02:00 DEBUG 27988 --- [core] [o4jDriverIO-2-1] o.n.d.o.n.b.c.n.i.a.NetworkConnection    : Added ConnectionReadTimeoutHandler
2025-09-02T15:32:52.797+02:00 DEBUG 27988 --- [core] [o4jDriverIO-2-1] o.n.d.o.n.b.c.n.impl.BoltConnectionImpl  : flushed
2025-09-02T15:32:52.883+02:00 DEBUG 27988 --- [core] [o4jDriverIO-2-1] o.n.b.c.n.i.a.i.InboundMessageDispatcher : [0x060101bf][localhost:7687][bolt-7] S: SUCCESS {fields=[], db="neo4j", t_first=79}
2025-09-02T15:32:52.890+02:00 DEBUG 27988 --- [core] [o4jDriverIO-2-1] o.n.b.c.n.i.a.i.InboundMessageDispatcher : [0x060101bf][localhost:7687][bolt-7] S: SUCCESS {bookmark="FB:kcwQYGBf/XS7TfKLHyLkA2vFDl6Q", statuses=[{gql_status: "00001", status_description: "note: successful completion - omitted result"}], type="w", t_last=0, db="neo4j"}
2025-09-02T15:32:52.890+02:00 DEBUG 27988 --- [core] [o4jDriverIO-2-1] o.n.d.o.n.b.c.n.i.a.NetworkConnection    : Removed ConnectionReadTimeoutHandler
2025-09-02T15:32:52.891+02:00 DEBUG 27988 --- [core] [o4jDriverIO-2-1] d.o.n.b.c.n.i.a.o.OutboundMessageHandler : [0x060101bf][localhost:7687][bolt-7] C: RESET
2025-09-02T15:32:52.892+02:00 DEBUG 27988 --- [core] [o4jDriverIO-2-1] o.n.d.o.n.b.c.n.i.a.NetworkConnection    : Added ConnectionReadTimeoutHandler
2025-09-02T15:32:52.892+02:00 DEBUG 27988 --- [core] [o4jDriverIO-2-1] o.n.d.o.n.b.c.n.impl.BoltConnectionImpl  : flushed
2025-09-02T15:32:52.898+02:00 DEBUG 27988 --- [core] [o4jDriverIO-2-1] o.n.b.c.n.i.a.i.InboundMessageDispatcher : [0x060101bf][localhost:7687][bolt-7] S: SUCCESS {}
2025-09-02T15:32:52.899+02:00 DEBUG 27988 --- [core] [o4jDriverIO-2-1] o.n.d.o.n.b.c.n.i.a.NetworkConnection    : Removed ConnectionReadTimeoutHandler
2025-09-02T15:32:52.899+02:00 DEBUG 27988 --- [core] [o4jDriverIO-2-1] d.o.n.b.c.p.PooledBoltConnectionProvider : Connection released to the pool.
Users created
2025-09-02T15:32:52.900+02:00 DEBUG 27988 --- [core] [           main] org.springframework.data.neo4j.cypher    : Executing:
MERGE (gr1:Group {id: 1})

2025-09-02T15:32:52.901+02:00 DEBUG 27988 --- [core] [           main] d.o.n.b.c.p.PooledBoltConnectionProvider : Connection acquired from the pool. localhost:7687
2025-09-02T15:32:52.902+02:00 DEBUG 27988 --- [core] [o4jDriverIO-2-1] d.o.n.b.c.n.i.a.o.OutboundMessageHandler : [0x060101bf][localhost:7687][bolt-7] C: RUN "MERGE (gr1:Group {id: 1})
" {} {bookmarks=["FB:kcwQYGBf/XS7TfKLHyLkA2vFDl6Q"]}
2025-09-02T15:32:52.902+02:00 DEBUG 27988 --- [core] [o4jDriverIO-2-1] d.o.n.b.c.n.i.a.o.OutboundMessageHandler : [0x060101bf][localhost:7687][bolt-7] C: PULL {n=1000}
2025-09-02T15:32:52.902+02:00 DEBUG 27988 --- [core] [o4jDriverIO-2-1] o.n.d.o.n.b.c.n.i.a.NetworkConnection    : Added ConnectionReadTimeoutHandler
2025-09-02T15:32:52.902+02:00 DEBUG 27988 --- [core] [o4jDriverIO-2-1] o.n.d.o.n.b.c.n.impl.BoltConnectionImpl  : flushed
2025-09-02T15:32:52.929+02:00 DEBUG 27988 --- [core] [o4jDriverIO-2-1] o.n.b.c.n.i.a.i.InboundMessageDispatcher : [0x060101bf][localhost:7687][bolt-7] S: SUCCESS {fields=[], db="neo4j", t_first=17}
2025-09-02T15:32:52.932+02:00 DEBUG 27988 --- [core] [o4jDriverIO-2-1] o.n.b.c.n.i.a.i.InboundMessageDispatcher : [0x060101bf][localhost:7687][bolt-7] S: SUCCESS {bookmark="FB:kcwQYGBf/XS7TfKLHyLkA2vFDl6Q", statuses=[{gql_status: "00001", status_description: "note: successful completion - omitted result"}], type="w", t_last=1, db="neo4j"}
2025-09-02T15:32:52.932+02:00 DEBUG 27988 --- [core] [o4jDriverIO-2-1] o.n.d.o.n.b.c.n.i.a.NetworkConnection    : Removed ConnectionReadTimeoutHandler
2025-09-02T15:32:52.933+02:00 DEBUG 27988 --- [core] [o4jDriverIO-2-1] d.o.n.b.c.n.i.a.o.OutboundMessageHandler : [0x060101bf][localhost:7687][bolt-7] C: RESET
2025-09-02T15:32:52.934+02:00 DEBUG 27988 --- [core] [o4jDriverIO-2-1] o.n.d.o.n.b.c.n.i.a.NetworkConnection    : Added ConnectionReadTimeoutHandler
2025-09-02T15:32:52.934+02:00 DEBUG 27988 --- [core] [o4jDriverIO-2-1] o.n.d.o.n.b.c.n.impl.BoltConnectionImpl  : flushed
2025-09-02T15:32:52.939+02:00 DEBUG 27988 --- [core] [o4jDriverIO-2-1] o.n.b.c.n.i.a.i.InboundMessageDispatcher : [0x060101bf][localhost:7687][bolt-7] S: SUCCESS {}
2025-09-02T15:32:52.939+02:00 DEBUG 27988 --- [core] [o4jDriverIO-2-1] o.n.d.o.n.b.c.n.i.a.NetworkConnection    : Removed ConnectionReadTimeoutHandler
2025-09-02T15:32:52.939+02:00 DEBUG 27988 --- [core] [o4jDriverIO-2-1] d.o.n.b.c.p.PooledBoltConnectionProvider : Connection released to the pool.
Group created
2025-09-02T15:32:52.940+02:00 DEBUG 27988 --- [core] [           main] org.springframework.data.neo4j.cypher    : Executing:
MATCH (c:User {id: 3}), (d:User {id: 4}), (gr1:Group {id: 1})
MERGE (c)-[:IN_GROUP]->(gr1)
MERGE (d)-[:IN_GROUP]->(gr1)

2025-09-02T15:32:52.943+02:00 DEBUG 27988 --- [core] [           main] d.o.n.b.c.p.PooledBoltConnectionProvider : Connection acquired from the pool. localhost:7687
2025-09-02T15:32:52.944+02:00 DEBUG 27988 --- [core] [o4jDriverIO-2-1] d.o.n.b.c.n.i.a.o.OutboundMessageHandler : [0x060101bf][localhost:7687][bolt-7] C: RUN "MATCH (c:User {id: 3}), (d:User {id: 4}), (gr1:Group {id: 1})
MERGE (c)-[:IN_GROUP]->(gr1)
MERGE (d)-[:IN_GROUP]->(gr1)
" {} {bookmarks=["FB:kcwQYGBf/XS7TfKLHyLkA2vFDl6Q"]}
2025-09-02T15:32:52.945+02:00 DEBUG 27988 --- [core] [o4jDriverIO-2-1] d.o.n.b.c.n.i.a.o.OutboundMessageHandler : [0x060101bf][localhost:7687][bolt-7] C: PULL {n=1000}
2025-09-02T15:32:52.945+02:00 DEBUG 27988 --- [core] [o4jDriverIO-2-1] o.n.d.o.n.b.c.n.i.a.NetworkConnection    : Added ConnectionReadTimeoutHandler
2025-09-02T15:32:52.945+02:00 DEBUG 27988 --- [core] [o4jDriverIO-2-1] o.n.d.o.n.b.c.n.impl.BoltConnectionImpl  : flushed
2025-09-02T15:32:53.025+02:00 DEBUG 27988 --- [core] [o4jDriverIO-2-1] o.n.b.c.n.i.a.i.InboundMessageDispatcher : [0x060101bf][localhost:7687][bolt-7] S: SUCCESS {fields=[], db="neo4j", t_first=68}
2025-09-02T15:32:53.044+02:00 DEBUG 27988 --- [core] [o4jDriverIO-2-1] o.n.b.c.n.i.a.i.InboundMessageDispatcher : [0x060101bf][localhost:7687][bolt-7] S: SUCCESS {bookmark="FB:kcwQYGBf/XS7TfKLHyLkA2vFDl6Q", statuses=[{gql_status: "00001", status_description: "note: successful completion - omitted result"}, {gql_status: "03N90", neo4j_code: "Neo.ClientNotification.Statement.CartesianProduct", status_description: "info: cartesian product. The disconnected pattern '(c:User {id: 3}), (d:User {id: 4}), (gr1:Group {id: 1})' builds a cartesian product. A cartesian product may produce a large amount of data and slow down query processing.", diagnostic_record: {_classification: "PERFORMANCE", _severity: "INFORMATION", _position: {column: 1, offset: 0, line: 1}}, description: "If a part of a query contains multiple disconnected patterns, this will build a cartesian product between all those parts. This may produce a large amount of data and slow down query processing. While occasionally intended, it may often be possible to reformulate the query that avoids the use of this cross product, perhaps by adding a relationship between the different parts or by using OPTIONAL MATCH (identifier is: (d))", title: "This query builds a cartesian product between disconnected patterns."}, {gql_status: "03N90", neo4j_code: "Neo.ClientNotification.Statement.CartesianProduct", status_description: "info: cartesian product. The disconnected pattern '(c:User {id: 3}), (d:User {id: 4}), (gr1:Group {id: 1})' builds a cartesian product. A cartesian product may produce a large amount of data and slow down query processing.", diagnostic_record: {_classification: "PERFORMANCE", _severity: "INFORMATION", _position: {column: 1, offset: 0, line: 1}}, description: "If a part of a query contains multiple disconnected patterns, this will build a cartesian product between all those parts. This may produce a large amount of data and slow down query processing. While occasionally intended, it may often be possible to reformulate the query that avoids the use of this cross product, perhaps by adding a relationship between the different parts or by using OPTIONAL MATCH (identifier is: (gr1))", title: "This query builds a cartesian product between disconnected patterns."}], type="w", t_last=0, db="neo4j"}
2025-09-02T15:32:53.044+02:00 DEBUG 27988 --- [core] [o4jDriverIO-2-1] o.n.d.o.n.b.c.n.i.a.NetworkConnection    : Removed ConnectionReadTimeoutHandler
2025-09-02T15:32:53.055+02:00 DEBUG 27988 --- [core] [o4jDriverIO-2-1] d.o.n.b.c.n.i.a.o.OutboundMessageHandler : [0x060101bf][localhost:7687][bolt-7] C: RESET
2025-09-02T15:32:53.056+02:00 DEBUG 27988 --- [core] [o4jDriverIO-2-1] o.n.d.o.n.b.c.n.i.a.NetworkConnection    : Added ConnectionReadTimeoutHandler
2025-09-02T15:32:53.056+02:00 DEBUG 27988 --- [core] [o4jDriverIO-2-1] o.n.d.o.n.b.c.n.impl.BoltConnectionImpl  : flushed
2025-09-02T15:32:53.086+02:00 DEBUG 27988 --- [core] [o4jDriverIO-2-1] o.n.b.c.n.i.a.i.InboundMessageDispatcher : [0x060101bf][localhost:7687][bolt-7] S: SUCCESS {}
2025-09-02T15:32:53.086+02:00 DEBUG 27988 --- [core] [o4jDriverIO-2-1] o.n.d.o.n.b.c.n.i.a.NetworkConnection    : Removed ConnectionReadTimeoutHandler
2025-09-02T15:32:53.086+02:00 DEBUG 27988 --- [core] [o4jDriverIO-2-1] d.o.n.b.c.p.PooledBoltConnectionProvider : Connection released to the pool.
2025-09-02T15:32:53.100+02:00  INFO 27988 --- [core] [           main] o.s.data.neo4j.cypher.performance        : Neo.ClientNotification.Statement.CartesianProduct: This query builds a cartesian product between disconnected patterns.
	MATCH (c:User {id: 3}), (d:User {id: 4}), (gr1:Group {id: 1})
	^
	MERGE (c)-[:IN_GROUP]->(gr1)
	MERGE (d)-[:IN_GROUP]->(gr1)
If a part of a query contains multiple disconnected patterns, this will build a cartesian product between all those parts. This may produce a large amount of data and slow down query processing. While occasionally intended, it may often be possible to reformulate the query that avoids the use of this cross product, perhaps by adding a relationship between the different parts or by using OPTIONAL MATCH (identifier is: (d))
2025-09-02T15:32:53.100+02:00  INFO 27988 --- [core] [           main] o.s.data.neo4j.cypher.performance        : Neo.ClientNotification.Statement.CartesianProduct: This query builds a cartesian product between disconnected patterns.
	MATCH (c:User {id: 3}), (d:User {id: 4}), (gr1:Group {id: 1})
	^
	MERGE (c)-[:IN_GROUP]->(gr1)
	MERGE (d)-[:IN_GROUP]->(gr1)
If a part of a query contains multiple disconnected patterns, this will build a cartesian product between all those parts. This may produce a large amount of data and slow down query processing. While occasionally intended, it may often be possible to reformulate the query that avoids the use of this cross product, perhaps by adding a relationship between the different parts or by using OPTIONAL MATCH (identifier is: (gr1))
Group relationships created
2025-09-02T15:32:53.100+02:00 DEBUG 27988 --- [core] [           main] org.springframework.data.neo4j.cypher    : Executing:
MATCH (a:User {id: 1}), (b:User {id: 2}), (c:User {id: 3}), (d:User {id: 4})
MERGE (a)-[:FRIEND]-(b)
MERGE (b)-[:FRIEND]-(c)
MERGE (d)-[:FRIEND_REQ]->(a)

2025-09-02T15:32:53.100+02:00 DEBUG 27988 --- [core] [           main] d.o.n.b.c.p.PooledBoltConnectionProvider : Connection acquired from the pool. localhost:7687
2025-09-02T15:32:53.102+02:00 DEBUG 27988 --- [core] [o4jDriverIO-2-1] d.o.n.b.c.n.i.a.o.OutboundMessageHandler : [0x060101bf][localhost:7687][bolt-7] C: RUN "MATCH (a:User {id: 1}), (b:User {id: 2}), (c:User {id: 3}), (d:User {id: 4})
MERGE (a)-[:FRIEND]-(b)
MERGE (b)-[:FRIEND]-(c)
MERGE (d)-[:FRIEND_REQ]->(a)
" {} {bookmarks=["FB:kcwQYGBf/XS7TfKLHyLkA2vFDl6Q"]}
2025-09-02T15:32:53.102+02:00 DEBUG 27988 --- [core] [o4jDriverIO-2-1] d.o.n.b.c.n.i.a.o.OutboundMessageHandler : [0x060101bf][localhost:7687][bolt-7] C: PULL {n=1000}
2025-09-02T15:32:53.102+02:00 DEBUG 27988 --- [core] [o4jDriverIO-2-1] o.n.d.o.n.b.c.n.i.a.NetworkConnection    : Added ConnectionReadTimeoutHandler
2025-09-02T15:32:53.102+02:00 DEBUG 27988 --- [core] [o4jDriverIO-2-1] o.n.d.o.n.b.c.n.impl.BoltConnectionImpl  : flushed
2025-09-02T15:32:53.138+02:00 DEBUG 27988 --- [core] [o4jDriverIO-2-1] o.n.b.c.n.i.a.i.InboundMessageDispatcher : [0x060101bf][localhost:7687][bolt-7] S: SUCCESS {fields=[], db="neo4j", t_first=17}
2025-09-02T15:32:53.151+02:00 DEBUG 27988 --- [core] [o4jDriverIO-2-1] o.n.b.c.n.i.a.i.InboundMessageDispatcher : [0x060101bf][localhost:7687][bolt-7] S: SUCCESS {bookmark="FB:kcwQYGBf/XS7TfKLHyLkA2vFDl6Q", statuses=[{gql_status: "00001", status_description: "note: successful completion - omitted result"}, {gql_status: "03N90", neo4j_code: "Neo.ClientNotification.Statement.CartesianProduct", status_description: "info: cartesian product. The disconnected pattern '(a:User {id: 1}), (b:User {id: 2}), (c:User {id: 3}), (d:User {id: 4})' builds a cartesian product. A cartesian product may produce a large amount of data and slow down query processing.", diagnostic_record: {_classification: "PERFORMANCE", _severity: "INFORMATION", _position: {column: 1, offset: 0, line: 1}}, description: "If a part of a query contains multiple disconnected patterns, this will build a cartesian product between all those parts. This may produce a large amount of data and slow down query processing. While occasionally intended, it may often be possible to reformulate the query that avoids the use of this cross product, perhaps by adding a relationship between the different parts or by using OPTIONAL MATCH (identifier is: (b))", title: "This query builds a cartesian product between disconnected patterns."}, {gql_status: "03N90", neo4j_code: "Neo.ClientNotification.Statement.CartesianProduct", status_description: "info: cartesian product. The disconnected pattern '(a:User {id: 1}), (b:User {id: 2}), (c:User {id: 3}), (d:User {id: 4})' builds a cartesian product. A cartesian product may produce a large amount of data and slow down query processing.", diagnostic_record: {_classification: "PERFORMANCE", _severity: "INFORMATION", _position: {column: 1, offset: 0, line: 1}}, description: "If a part of a query contains multiple disconnected patterns, this will build a cartesian product between all those parts. This may produce a large amount of data and slow down query processing. While occasionally intended, it may often be possible to reformulate the query that avoids the use of this cross product, perhaps by adding a relationship between the different parts or by using OPTIONAL MATCH (identifier is: (c))", title: "This query builds a cartesian product between disconnected patterns."}, {gql_status: "03N90", neo4j_code: "Neo.ClientNotification.Statement.CartesianProduct", status_description: "info: cartesian product. The disconnected pattern '(a:User {id: 1}), (b:User {id: 2}), (c:User {id: 3}), (d:User {id: 4})' builds a cartesian product. A cartesian product may produce a large amount of data and slow down query processing.", diagnostic_record: {_classification: "PERFORMANCE", _severity: "INFORMATION", _position: {column: 1, offset: 0, line: 1}}, description: "If a part of a query contains multiple disconnected patterns, this will build a cartesian product between all those parts. This may produce a large amount of data and slow down query processing. While occasionally intended, it may often be possible to reformulate the query that avoids the use of this cross product, perhaps by adding a relationship between the different parts or by using OPTIONAL MATCH (identifier is: (d))", title: "This query builds a cartesian product between disconnected patterns."}], type="w", t_last=0, db="neo4j"}
2025-09-02T15:32:53.152+02:00 DEBUG 27988 --- [core] [o4jDriverIO-2-1] o.n.d.o.n.b.c.n.i.a.NetworkConnection    : Removed ConnectionReadTimeoutHandler
2025-09-02T15:32:53.153+02:00 DEBUG 27988 --- [core] [o4jDriverIO-2-1] d.o.n.b.c.n.i.a.o.OutboundMessageHandler : [0x060101bf][localhost:7687][bolt-7] C: RESET
2025-09-02T15:32:53.154+02:00 DEBUG 27988 --- [core] [o4jDriverIO-2-1] o.n.d.o.n.b.c.n.i.a.NetworkConnection    : Added ConnectionReadTimeoutHandler
2025-09-02T15:32:53.154+02:00 DEBUG 27988 --- [core] [o4jDriverIO-2-1] o.n.d.o.n.b.c.n.impl.BoltConnectionImpl  : flushed
2025-09-02T15:32:53.163+02:00 DEBUG 27988 --- [core] [o4jDriverIO-2-1] o.n.b.c.n.i.a.i.InboundMessageDispatcher : [0x060101bf][localhost:7687][bolt-7] S: SUCCESS {}
2025-09-02T15:32:53.163+02:00 DEBUG 27988 --- [core] [o4jDriverIO-2-1] o.n.d.o.n.b.c.n.i.a.NetworkConnection    : Removed ConnectionReadTimeoutHandler
2025-09-02T15:32:53.163+02:00 DEBUG 27988 --- [core] [o4jDriverIO-2-1] d.o.n.b.c.p.PooledBoltConnectionProvider : Connection released to the pool.
2025-09-02T15:32:53.164+02:00  INFO 27988 --- [core] [           main] o.s.data.neo4j.cypher.performance        : Neo.ClientNotification.Statement.CartesianProduct: This query builds a cartesian product between disconnected patterns.
	MATCH (a:User {id: 1}), (b:User {id: 2}), (c:User {id: 3}), (d:User {id: 4})
	^
	MERGE (a)-[:FRIEND]-(b)
	MERGE (b)-[:FRIEND]-(c)
	MERGE (d)-[:FRIEND_REQ]->(a)
If a part of a query contains multiple disconnected patterns, this will build a cartesian product between all those parts. This may produce a large amount of data and slow down query processing. While occasionally intended, it may often be possible to reformulate the query that avoids the use of this cross product, perhaps by adding a relationship between the different parts or by using OPTIONAL MATCH (identifier is: (b))
2025-09-02T15:32:53.165+02:00  INFO 27988 --- [core] [           main] o.s.data.neo4j.cypher.performance        : Neo.ClientNotification.Statement.CartesianProduct: This query builds a cartesian product between disconnected patterns.
	MATCH (a:User {id: 1}), (b:User {id: 2}), (c:User {id: 3}), (d:User {id: 4})
	^
	MERGE (a)-[:FRIEND]-(b)
	MERGE (b)-[:FRIEND]-(c)
	MERGE (d)-[:FRIEND_REQ]->(a)
If a part of a query contains multiple disconnected patterns, this will build a cartesian product between all those parts. This may produce a large amount of data and slow down query processing. While occasionally intended, it may often be possible to reformulate the query that avoids the use of this cross product, perhaps by adding a relationship between the different parts or by using OPTIONAL MATCH (identifier is: (c))
2025-09-02T15:32:53.165+02:00  INFO 27988 --- [core] [           main] o.s.data.neo4j.cypher.performance        : Neo.ClientNotification.Statement.CartesianProduct: This query builds a cartesian product between disconnected patterns.
	MATCH (a:User {id: 1}), (b:User {id: 2}), (c:User {id: 3}), (d:User {id: 4})
	^
	MERGE (a)-[:FRIEND]-(b)
	MERGE (b)-[:FRIEND]-(c)
	MERGE (d)-[:FRIEND_REQ]->(a)
If a part of a query contains multiple disconnected patterns, this will build a cartesian product between all those parts. This may produce a large amount of data and slow down query processing. While occasionally intended, it may often be possible to reformulate the query that avoids the use of this cross product, perhaps by adding a relationship between the different parts or by using OPTIONAL MATCH (identifier is: (d))
Friend relationships created
2025-09-02T15:32:53.166+02:00 DEBUG 27988 --- [core] [           main] org.springframework.data.neo4j.cypher    : Executing:
MATCH (n) RETURN count(n) as count
2025-09-02T15:32:53.167+02:00 DEBUG 27988 --- [core] [           main] d.o.n.b.c.p.PooledBoltConnectionProvider : Connection acquired from the pool. localhost:7687
2025-09-02T15:32:53.167+02:00 DEBUG 27988 --- [core] [o4jDriverIO-2-1] d.o.n.b.c.n.i.a.o.OutboundMessageHandler : [0x060101bf][localhost:7687][bolt-7] C: RUN "MATCH (n) RETURN count(n) as count" {} {bookmarks=["FB:kcwQYGBf/XS7TfKLHyLkA2vFDl6Q"]}
2025-09-02T15:32:53.167+02:00 DEBUG 27988 --- [core] [o4jDriverIO-2-1] d.o.n.b.c.n.i.a.o.OutboundMessageHandler : [0x060101bf][localhost:7687][bolt-7] C: PULL {n=1000}
2025-09-02T15:32:53.168+02:00 DEBUG 27988 --- [core] [o4jDriverIO-2-1] o.n.d.o.n.b.c.n.i.a.NetworkConnection    : Added ConnectionReadTimeoutHandler
2025-09-02T15:32:53.169+02:00 DEBUG 27988 --- [core] [o4jDriverIO-2-1] o.n.d.o.n.b.c.n.impl.BoltConnectionImpl  : flushed
2025-09-02T15:32:53.248+02:00 DEBUG 27988 --- [core] [o4jDriverIO-2-1] o.n.b.c.n.i.a.i.InboundMessageDispatcher : [0x060101bf][localhost:7687][bolt-7] S: SUCCESS {fields=["count"], db="neo4j", t_first=57}
2025-09-02T15:32:53.300+02:00 DEBUG 27988 --- [core] [o4jDriverIO-2-1] o.n.b.c.n.i.a.i.InboundMessageDispatcher : [0x060101bf][localhost:7687][bolt-7] S: RECORD [8]
2025-09-02T15:32:53.301+02:00 DEBUG 27988 --- [core] [o4jDriverIO-2-1] o.n.b.c.n.i.a.i.InboundMessageDispatcher : [0x060101bf][localhost:7687][bolt-7] S: SUCCESS {bookmark="FB:kcwQYGBf/XS7TfKLHyLkA2vFDl6Q", statuses=[{gql_status: "00000", status_description: "note: successful completion"}], type="r", t_last=46, db="neo4j"}
2025-09-02T15:32:53.302+02:00 DEBUG 27988 --- [core] [o4jDriverIO-2-1] o.n.d.o.n.b.c.n.i.a.NetworkConnection    : Removed ConnectionReadTimeoutHandler
2025-09-02T15:32:53.303+02:00 DEBUG 27988 --- [core] [o4jDriverIO-2-1] d.o.n.b.c.n.i.a.o.OutboundMessageHandler : [0x060101bf][localhost:7687][bolt-7] C: RESET
2025-09-02T15:32:53.303+02:00 DEBUG 27988 --- [core] [o4jDriverIO-2-1] o.n.d.o.n.b.c.n.i.a.NetworkConnection    : Added ConnectionReadTimeoutHandler
2025-09-02T15:32:53.304+02:00 DEBUG 27988 --- [core] [o4jDriverIO-2-1] o.n.d.o.n.b.c.n.impl.BoltConnectionImpl  : flushed
2025-09-02T15:32:53.317+02:00 DEBUG 27988 --- [core] [o4jDriverIO-2-1] o.n.b.c.n.i.a.i.InboundMessageDispatcher : [0x060101bf][localhost:7687][bolt-7] S: SUCCESS {}
2025-09-02T15:32:53.317+02:00 DEBUG 27988 --- [core] [o4jDriverIO-2-1] o.n.d.o.n.b.c.n.i.a.NetworkConnection    : Removed ConnectionReadTimeoutHandler
2025-09-02T15:32:53.329+02:00 DEBUG 27988 --- [core] [o4jDriverIO-2-1] d.o.n.b.c.p.PooledBoltConnectionProvider : Connection released to the pool.
Total nodes in database: 8
2025-09-02T15:32:53.330+02:00 DEBUG 27988 --- [core] [           main] org.springframework.data.neo4j.cypher    : Executing:
MATCH ()-[r]->() RETURN count(r) as count
2025-09-02T15:32:53.331+02:00 DEBUG 27988 --- [core] [           main] d.o.n.b.c.p.PooledBoltConnectionProvider : Connection acquired from the pool. localhost:7687
2025-09-02T15:32:53.332+02:00 DEBUG 27988 --- [core] [o4jDriverIO-2-1] d.o.n.b.c.n.i.a.o.OutboundMessageHandler : [0x060101bf][localhost:7687][bolt-7] C: RUN "MATCH ()-[r]->() RETURN count(r) as count" {} {bookmarks=["FB:kcwQYGBf/XS7TfKLHyLkA2vFDl6Q"]}
2025-09-02T15:32:53.332+02:00 DEBUG 27988 --- [core] [o4jDriverIO-2-1] d.o.n.b.c.n.i.a.o.OutboundMessageHandler : [0x060101bf][localhost:7687][bolt-7] C: PULL {n=1000}
2025-09-02T15:32:53.333+02:00 DEBUG 27988 --- [core] [o4jDriverIO-2-1] o.n.d.o.n.b.c.n.i.a.NetworkConnection    : Added ConnectionReadTimeoutHandler
2025-09-02T15:32:53.333+02:00 DEBUG 27988 --- [core] [o4jDriverIO-2-1] o.n.d.o.n.b.c.n.impl.BoltConnectionImpl  : flushed
2025-09-02T15:32:53.352+02:00 DEBUG 27988 --- [core] [o4jDriverIO-2-1] o.n.b.c.n.i.a.i.InboundMessageDispatcher : [0x060101bf][localhost:7687][bolt-7] S: SUCCESS {fields=["count"], db="neo4j", t_first=12}
2025-09-02T15:32:53.358+02:00 DEBUG 27988 --- [core] [o4jDriverIO-2-1] o.n.b.c.n.i.a.i.InboundMessageDispatcher : [0x060101bf][localhost:7687][bolt-7] S: RECORD [6]
2025-09-02T15:32:53.358+02:00 DEBUG 27988 --- [core] [o4jDriverIO-2-1] o.n.b.c.n.i.a.i.InboundMessageDispatcher : [0x060101bf][localhost:7687][bolt-7] S: SUCCESS {bookmark="FB:kcwQYGBf/XS7TfKLHyLkA2vFDl6Q", statuses=[{gql_status: "00000", status_description: "note: successful completion"}], type="r", t_last=2, db="neo4j"}
2025-09-02T15:32:53.359+02:00 DEBUG 27988 --- [core] [o4jDriverIO-2-1] o.n.d.o.n.b.c.n.i.a.NetworkConnection    : Removed ConnectionReadTimeoutHandler
2025-09-02T15:32:53.360+02:00 DEBUG 27988 --- [core] [o4jDriverIO-2-1] d.o.n.b.c.n.i.a.o.OutboundMessageHandler : [0x060101bf][localhost:7687][bolt-7] C: RESET
2025-09-02T15:32:53.360+02:00 DEBUG 27988 --- [core] [o4jDriverIO-2-1] o.n.d.o.n.b.c.n.i.a.NetworkConnection    : Added ConnectionReadTimeoutHandler
2025-09-02T15:32:53.360+02:00 DEBUG 27988 --- [core] [o4jDriverIO-2-1] o.n.d.o.n.b.c.n.impl.BoltConnectionImpl  : flushed
2025-09-02T15:32:53.364+02:00 DEBUG 27988 --- [core] [o4jDriverIO-2-1] o.n.b.c.n.i.a.i.InboundMessageDispatcher : [0x060101bf][localhost:7687][bolt-7] S: SUCCESS {}
2025-09-02T15:32:53.364+02:00 DEBUG 27988 --- [core] [o4jDriverIO-2-1] o.n.d.o.n.b.c.n.i.a.NetworkConnection    : Removed ConnectionReadTimeoutHandler
2025-09-02T15:32:53.364+02:00 DEBUG 27988 --- [core] [o4jDriverIO-2-1] d.o.n.b.c.p.PooledBoltConnectionProvider : Connection released to the pool.
Total relationships in database: 6
2025-09-02T15:32:53.366+02:00 DEBUG 27988 --- [core] [           main] org.springframework.data.neo4j.cypher    : Executing:
MATCH ()-[:FRIEND_REQ]->() RETURN count(*) as count
2025-09-02T15:32:53.366+02:00 DEBUG 27988 --- [core] [           main] d.o.n.b.c.p.PooledBoltConnectionProvider : Connection acquired from the pool. localhost:7687
2025-09-02T15:32:53.367+02:00 DEBUG 27988 --- [core] [o4jDriverIO-2-1] d.o.n.b.c.n.i.a.o.OutboundMessageHandler : [0x060101bf][localhost:7687][bolt-7] C: RUN "MATCH ()-[:FRIEND_REQ]->() RETURN count(*) as count" {} {bookmarks=["FB:kcwQYGBf/XS7TfKLHyLkA2vFDl6Q"]}
2025-09-02T15:32:53.368+02:00 DEBUG 27988 --- [core] [o4jDriverIO-2-1] d.o.n.b.c.n.i.a.o.OutboundMessageHandler : [0x060101bf][localhost:7687][bolt-7] C: PULL {n=1000}
2025-09-02T15:32:53.368+02:00 DEBUG 27988 --- [core] [o4jDriverIO-2-1] o.n.d.o.n.b.c.n.i.a.NetworkConnection    : Added ConnectionReadTimeoutHandler
2025-09-02T15:32:53.369+02:00 DEBUG 27988 --- [core] [o4jDriverIO-2-1] o.n.d.o.n.b.c.n.impl.BoltConnectionImpl  : flushed
2025-09-02T15:32:53.383+02:00 DEBUG 27988 --- [core] [o4jDriverIO-2-1] o.n.b.c.n.i.a.i.InboundMessageDispatcher : [0x060101bf][localhost:7687][bolt-7] S: SUCCESS {fields=["count"], db="neo4j", t_first=10}
2025-09-02T15:32:53.390+02:00 DEBUG 27988 --- [core] [o4jDriverIO-2-1] o.n.b.c.n.i.a.i.InboundMessageDispatcher : [0x060101bf][localhost:7687][bolt-7] S: RECORD [1]
2025-09-02T15:32:53.391+02:00 DEBUG 27988 --- [core] [o4jDriverIO-2-1] o.n.b.c.n.i.a.i.InboundMessageDispatcher : [0x060101bf][localhost:7687][bolt-7] S: SUCCESS {bookmark="FB:kcwQYGBf/XS7TfKLHyLkA2vFDl6Q", statuses=[{gql_status: "00000", status_description: "note: successful completion"}], type="r", t_last=1, db="neo4j"}
2025-09-02T15:32:53.391+02:00 DEBUG 27988 --- [core] [o4jDriverIO-2-1] o.n.d.o.n.b.c.n.i.a.NetworkConnection    : Removed ConnectionReadTimeoutHandler
2025-09-02T15:32:53.391+02:00 DEBUG 27988 --- [core] [o4jDriverIO-2-1] d.o.n.b.c.n.i.a.o.OutboundMessageHandler : [0x060101bf][localhost:7687][bolt-7] C: RESET
2025-09-02T15:32:53.392+02:00 DEBUG 27988 --- [core] [o4jDriverIO-2-1] o.n.d.o.n.b.c.n.i.a.NetworkConnection    : Added ConnectionReadTimeoutHandler
2025-09-02T15:32:53.392+02:00 DEBUG 27988 --- [core] [o4jDriverIO-2-1] o.n.d.o.n.b.c.n.impl.BoltConnectionImpl  : flushed
2025-09-02T15:32:53.395+02:00 DEBUG 27988 --- [core] [o4jDriverIO-2-1] o.n.b.c.n.i.a.i.InboundMessageDispatcher : [0x060101bf][localhost:7687][bolt-7] S: SUCCESS {}
2025-09-02T15:32:53.396+02:00 DEBUG 27988 --- [core] [o4jDriverIO-2-1] o.n.d.o.n.b.c.n.i.a.NetworkConnection    : Removed ConnectionReadTimeoutHandler
2025-09-02T15:32:53.396+02:00 DEBUG 27988 --- [core] [o4jDriverIO-2-1] d.o.n.b.c.p.PooledBoltConnectionProvider : Connection released to the pool.
Friend requests in database: 1
Neo4j initialization completed successfully
2025-09-02T15:32:53.782+02:00 TRACE 27988 --- [core] [           main] s.w.s.m.m.a.RequestMappingHandlerMapping : 
	c.v.C.LoginAuthorization:
	{POST [/api/auth/register]}: register(Registration)
	{POST [/api/auth/login]}: login(LoginRequest)
2025-09-02T15:32:53.795+02:00 TRACE 27988 --- [core] [           main] s.w.s.m.m.a.RequestMappingHandlerMapping : 
	c.v.C.MessageController:
	{GET [/api/messages/before]}: getMessagesBefore(int,String,int)
	{POST [/api/messages/send]}: postMethodName(Message)
	{POST [/api/messages/createConversation]}: createConversation(String,String,List)
	{GET [/api/messages/conversationExists]}: conversationExists(int,int)
	{GET [/api/messages/last25]}: getLast25Messages(int)
	{POST [/api/messages/addToConv]}: addUserToConversation(Map)
	{GET [/api/messages/getConversationGroups]}: getConversationGroups(int)
	{GET [/api/messages/getDirectConversations]}: getDirectConversations(int,int)
2025-09-02T15:32:53.803+02:00 TRACE 27988 --- [core] [           main] s.w.s.m.m.a.RequestMappingHandlerMapping : 
	c.v.C.UserController:
	{GET [/api/users/incFriendRequests]}: getFriendRequests(int)
	{GET [/api/users/friends]}: getUsersFriends()
	{GET [/api/users/me]}: getMyUserId()
	{POST [/api/users/sendFriendRequest]}: sendFriendRequest(Map)
	{DELETE [/api/users/removeFriend]}: removeFriend(int,int)
	{POST [/api/users/acceptFriendRequest]}: acceptFriendRequest(Map)
	{POST [/api/users/declineFriendRequest]}: declineFriendRequest(Map)
	{GET [/api/users/getUsernameAndAvatar]}: getUsernameAndAvatar(String)
	{GET [/api/users/getFriendDescription]}: getFriendDescription(int,int)
	{PUT [/api/users/addDescription]}: setFriendDescription(Map)
2025-09-02T15:32:53.817+02:00 TRACE 27988 --- [core] [           main] s.w.s.m.m.a.RequestMappingHandlerMapping : 
	o.s.b.a.w.s.e.BasicErrorController:
	{ [/error]}: error(HttpServletRequest)
	{ [/error], produces [text/html]}: errorHtml(HttpServletRequest,HttpServletResponse)
2025-09-02T15:32:53.835+02:00 DEBUG 27988 --- [core] [           main] s.w.s.m.m.a.RequestMappingHandlerMapping : 22 mappings in 'requestMappingHandlerMapping'
2025-09-02T15:32:54.385+02:00  INFO 27988 --- [core] [           main] o.s.b.a.e.web.EndpointLinksResolver      : Exposing 1 endpoint beneath base path '/actuator'
2025-09-02T15:32:54.450+02:00 DEBUG 27988 --- [core] [           main] swordEncoderAuthenticationManagerBuilder : No authenticationProviders and no parentAuthenticationManager defined. Returning null.
SECURITY CONFIG: Configuring security filter chain
SECURITY CONFIG: CSRF disabled
SECURITY CONFIG: Session management set to stateless
SECURITY CONFIG: Authorization rules configured - /api/auth/** permitted, others authenticated
SECURITY CONFIG: Filter chain built successfully
2025-09-02T15:32:54.693+02:00 DEBUG 27988 --- [core] [           main] o.s.s.web.DefaultSecurityFilterChain     : Will secure any request with filters: DisableEncodeUrlFilter, WebAsyncManagerIntegrationFilter, SecurityContextHolderFilter, HeaderWriterFilter, LogoutFilter, JwtAuthenticationFilter, RequestCacheAwareFilter, SecurityContextHolderAwareRequestFilter, SessionManagementFilter, ExceptionTranslationFilter, AuthorizationFilter
2025-09-02T15:32:55.747+02:00  INFO 27988 --- [core] [           main] com.vivoninc.core.CoreApplicationTests   : Started CoreApplicationTests in 9.389 seconds (process running for 10.613)
]]></system-out>
    <system-err><![CDATA[Mockito is currently self-attaching to enable the inline-mock-maker. This will no longer work in future releases of the JDK. Please add Mockito as an agent to your build as described in Mockito's documentation: https://javadoc.io/doc/org.mockito/mockito-core/latest/org.mockito/org/mockito/Mockito.html#0.3
WARNING: A Java agent has been loaded dynamically (C:\Users\josef\.m2\repository\net\bytebuddy\byte-buddy-agent\1.17.5\byte-buddy-agent-1.17.5.jar)
WARNING: If a serviceability tool is in use, please run with -XX:+EnableDynamicAgentLoading to hide this warning
WARNING: If a serviceability tool is not in use, please run with -Djdk.instrument.traceUsage for more information
WARNING: Dynamic loading of agents will be disallowed by default in a future release
]]></system-err>
  </testcase>
</testsuite>