<?xml version="1.0" encoding="UTF-8"?>
<testsuite xmlns:xsi="http://www.w3.org/2001/XMLSchema-instance" xsi:noNamespaceSchemaLocation="https://maven.apache.org/surefire/maven-surefire-plugin/xsd/surefire-test-report.xsd" version="3.0.2" name="com.vivoninc.core.CoreApplicationTests" time="6.217" tests="1" errors="0" skipped="0" failures="0">
  <properties>
[...]
</properties>
  <testcase name="contextLoads" classname="com.vivoninc.core.CoreApplicationTests" time="1.049">
    <system-out><![CDATA[10:30:09.420 [main] INFO org.springframework.test.context.support.AnnotationConfigContextLoaderUtils -- Could not detect default configuration classes for test class [com.vivoninc.core.CoreApplicationTests]: CoreApplicationTests does not declare any static, non-private, non-final, nested classes annotated with @Configuration.
10:30:09.603 [main] INFO org.springframework.boot.test.context.SpringBootTestContextBootstrapper -- Found @SpringBootConfiguration com.vivoninc.core.CoreApplication for test class com.vivoninc.core.CoreApplicationTests

  .   ____          _            __ _ _
 /\\ / ___'_ __ _ _(_)_ __  __ _ \ \ \ \
( ( )\___ | '_ | '_| | '_ \/ _` | \ \ \ \
 \\/  ___)| |_)| | | | | || (_| |  ) ) ) )
  '  |____| .__|_| |_|_| |_\__, | / / / /
 =========|_|==============|___/=/_/_/_/

 :: Spring Boot ::                (v3.5.0)

2025-06-25T10:30:10.237+02:00  INFO 9240 --- [core] [           main] com.vivoninc.core.CoreApplicationTests   : Starting CoreApplicationTests using Java 17.0.4.1 with PID 9240 (started by josef in C:\Users\josef\Desktop\vivon-core)
2025-06-25T10:30:10.239+02:00  INFO 9240 --- [core] [           main] com.vivoninc.core.CoreApplicationTests   : No active profile set, falling back to 1 default profile: "default"
2025-06-25T10:30:11.236+02:00  INFO 9240 --- [core] [           main] .s.d.r.c.RepositoryConfigurationDelegate : Bootstrapping Spring Data Neo4j repositories in DEFAULT mode.
2025-06-25T10:30:11.262+02:00  INFO 9240 --- [core] [           main] .s.d.r.c.RepositoryConfigurationDelegate : Finished Spring Data repository scanning in 16 ms. Found 0 Neo4j repository interfaces.
2025-06-25T10:30:11.268+02:00  INFO 9240 --- [core] [           main] .s.d.r.c.RepositoryConfigurationDelegate : Bootstrapping Spring Data Neo4j repositories in DEFAULT mode.
2025-06-25T10:30:11.274+02:00  INFO 9240 --- [core] [           main] .s.d.r.c.RepositoryConfigurationDelegate : Finished Spring Data repository scanning in 2 ms. Found 0 Neo4j repository interfaces.
2025-06-25T10:30:11.790+02:00  INFO 9240 --- [core] [           main] com.zaxxer.hikari.HikariDataSource       : HikariPool-1 - Starting...
2025-06-25T10:30:12.070+02:00  INFO 9240 --- [core] [           main] com.zaxxer.hikari.pool.HikariPool        : HikariPool-1 - Added connection com.mysql.cj.jdbc.ConnectionImpl@6f731759
2025-06-25T10:30:12.070+02:00  INFO 9240 --- [core] [           main] com.zaxxer.hikari.HikariDataSource       : HikariPool-1 - Start completed.
2025-06-25T10:30:12.533+02:00  INFO 9240 --- [core] [           main] o.neo4j.driver.internal.DriverFactory    : Direct driver instance 131837504 created for server address localhost:7687
2025-06-25T10:30:14.082+02:00  WARN 9240 --- [core] [           main] .s.s.UserDetailsServiceAutoConfiguration : 

Using generated security password: 30b2883f-7f81-4f46-9350-f2c9ee4cfdc0

This generated password is for development use only. Your security configuration must be updated before running your application in production.

2025-06-25T10:30:14.097+02:00  INFO 9240 --- [core] [           main] r$InitializeUserDetailsManagerConfigurer : Global AuthenticationManager configured with UserDetailsService bean with name inMemoryUserDetailsManager
2025-06-25T10:30:14.300+02:00  INFO 9240 --- [core] [           main] com.vivoninc.core.CoreApplicationTests   : Started CoreApplicationTests in 4.451 seconds (process running for 6.255)
]]></system-out>
  </testcase>
</testsuite>